\BOOKMARK [0][-]{chapter*.2}{Abstract}{}% 1
\BOOKMARK [0][-]{chapter*.3}{Acknowledgements}{}% 2
\BOOKMARK [0][-]{chapter*.4}{Declarations}{}% 3
\BOOKMARK [0][-]{chapter*.5}{Submitted Abstracts}{}% 4
\BOOKMARK [0][-]{chapter*.6}{Associated Publications}{}% 5
\BOOKMARK [0][-]{chapter*.7}{Contents}{}% 6
\BOOKMARK [0][-]{chapter*.9}{List of Figures}{}% 7
\BOOKMARK [0][-]{chapter*.10}{List of Tables}{}% 8
\BOOKMARK [0][-]{chapter*.11}{Abbreviations}{}% 9
\BOOKMARK [0][-]{chapter.1}{Material and Methods}{}% 10
\BOOKMARK [1][-]{section.1.1}{Ethical approval and recruitment of study participants}{chapter.1}% 11
\BOOKMARK [2][-]{subsection.1.1.1}{PSO patient recruitment}{section.1.1}% 12
\BOOKMARK [2][-]{subsection.1.1.2}{PsA patient recruitment}{section.1.1}% 13
\BOOKMARK [2][-]{subsection.1.1.3}{Healthy volunteer recruitment}{section.1.1}% 14
\BOOKMARK [1][-]{section.1.2}{Sample processing}{chapter.1}% 15
\BOOKMARK [2][-]{subsection.1.2.1}{PBMC and synovial fluid cells isolation}{section.1.2}% 16
\BOOKMARK [2][-]{subsection.1.2.2}{Primary cell isolation using magnetic-activated cell sorting}{section.1.2}% 17
\BOOKMARK [2][-]{subsection.1.2.3}{Primary cell isolation using fluorescence-activated cell sorting}{section.1.2}% 18
\BOOKMARK [2][-]{subsection.1.2.4}{Skin biopsies processing and adherent assay}{section.1.2}% 19
\BOOKMARK [1][-]{section.1.3}{Experimental protocols}{chapter.1}% 20
\BOOKMARK [2][-]{subsection.1.3.1}{Cryopreservation and cell culture}{section.1.3}% 21
\BOOKMARK [2][-]{subsection.1.3.2}{ATAC-seq, Fast-ATAC and Omni-ATAC}{section.1.3}% 22
\BOOKMARK [2][-]{subsection.1.3.3}{Chromatin Immunoprecipitation with sequencing library preparation by Tn5 transposase}{section.1.3}% 23
\BOOKMARK [0][-]{chapter*.17}{Bibliography}{}% 24
