\BOOKMARK [0][-]{chapter*.2}{Abstract}{}% 1
\BOOKMARK [0][-]{chapter*.3}{Acknowledgements}{}% 2
\BOOKMARK [0][-]{chapter*.4}{Declarations}{}% 3
\BOOKMARK [0][-]{chapter*.4}{Contents}{}% 4
\BOOKMARK [0][-]{chapter*.6}{List of Figures}{}% 5
\BOOKMARK [0][-]{chapter*.7}{List of Tables}{}% 6
\BOOKMARK [0][-]{chapter*.8}{Abbreviations}{}% 7
\BOOKMARK [0][-]{chapter.1}{Introduction}{}% 8
\BOOKMARK [1][-]{section.1.1}{Psoriasis and psoriatic arthritis}{chapter.1}% 9
\BOOKMARK [2][-]{subsection.1.1.1}{Epidemiology and global impact}{section.1.1}% 10
\BOOKMARK [2][-]{subsection.1.1.2}{Psoriasis and inflammatory dermatoses}{section.1.1}% 11
\BOOKMARK [2][-]{subsection.1.1.3}{PsA and spondyloarthropathies}{section.1.1}% 12
\BOOKMARK [1][-]{section.1.2}{Pathophysiology of psoriasis and psoriatic arthritis}{chapter.1}% 13
\BOOKMARK [2][-]{subsection.1.2.1}{Clinical presentation and diagnosis}{section.1.2}% 14
\BOOKMARK [2][-]{subsection.1.2.2}{Aetiology of psoriasis and PsA}{section.1.2}% 15
\BOOKMARK [2][-]{subsection.1.2.3}{Cell types involved in psoriasis and PsA pathogenesis}{section.1.2}% 16
\BOOKMARK [2][-]{subsection.1.2.4}{Therapeutic intervention}{section.1.2}% 17
\BOOKMARK [1][-]{section.1.3}{Genetics of psoriasis and psoriatic arthritis}{chapter.1}% 18
\BOOKMARK [2][-]{subsection.1.3.1}{Heritability}{section.1.3}% 19
\BOOKMARK [2][-]{subsection.1.3.2}{Genome-wide association studies}{section.1.3}% 20
\BOOKMARK [2][-]{subsection.1.3.3}{Relevance of non-coding variants in disease susceptibility}{section.1.3}% 21
\BOOKMARK [2][-]{subsection.1.3.4}{The role of GWAS in highlighting immune-relevant cell types and pathways}{section.1.3}% 22
\BOOKMARK [2][-]{subsection.1.3.5}{Limitations of GWAS}{section.1.3}% 23
\BOOKMARK [1][-]{section.1.4}{Functional interpretation of GWAS in complex diseases}{chapter.1}% 24
\BOOKMARK [2][-]{subsection.1.4.1}{Overcoming GWAS limitations}{section.1.4}% 25
\BOOKMARK [2][-]{subsection.1.4.2}{Understanding the epigenetic landscape in complex diseases}{section.1.4}% 26
\BOOKMARK [2][-]{subsection.1.4.3}{The chromatin landscape}{section.1.4}% 27
\BOOKMARK [2][-]{subsection.1.4.4}{Transcriptional profiles in disease}{section.1.4}% 28
\BOOKMARK [2][-]{subsection.1.4.5}{Transcriptional regulation in complex diseases}{section.1.4}% 29
\BOOKMARK [2][-]{subsection.1.4.6}{The use of fine-mapping to prioritise functional causal variants}{section.1.4}% 30
\BOOKMARK [2][-]{subsection.1.4.7}{Generation, integration and interpretation of genomic data}{section.1.4}% 31
\BOOKMARK [2][-]{subsection.1.4.8}{Aims and objectives}{section.1.4}% 32
\BOOKMARK [0][-]{chapter*.20}{Bibliography}{}% 33
